gradleBuild/intermediates/manifest_merge_blame_file/debug/manifest-merger-blame-debug-report.txt
1<?xml version="1.0" encoding="utf-8"?>
2<manifest xmlns:android="http://schemas.android.com/apk/res/android"
3    package="com.findmypup"
4    android:versionCode="100"
5    android:versionName="44" >
6
7    <uses-sdk
8        android:minSdkVersion="21"
8-->AndroidStudioProjects\find_my_puppy\AndroidManifest.xml
9        android:targetSdkVersion="29" />
9-->AndroidStudioProjects\find_my_puppy\AndroidManifest.xml
10
11    <uses-permission android:name="android.permission.CAMERA" />
11-->AndroidStudioProjects\find_my_puppy\AndroidManifest.xml:6:5-65
11-->AndroidStudioProjects\find_my_puppy\AndroidManifest.xml:6:22-62
12    <uses-permission android:name="android.permission.READ_EXTERNAL_STORAGE" />
12-->AndroidStudioProjects\find_my_puppy\AndroidManifest.xml:7:5-80
12-->AndroidStudioProjects\find_my_puppy\AndroidManifest.xml:7:22-77
13    <uses-permission android:name="android.permission.WRITE_EXTERNAL_STORAGE" />
13-->AndroidStudioProjects\find_my_puppy\AndroidManifest.xml:8:5-81
13-->AndroidStudioProjects\find_my_puppy\AndroidManifest.xml:8:22-78
14
15    <uses-feature android:name="android.hardware.camera" />
15-->AndroidStudioProjects\find_my_puppy\AndroidManifest.xml:15:5-60
15-->AndroidStudioProjects\find_my_puppy\AndroidManifest.xml:15:19-57
16    <uses-feature android:name="android.hardware.camera.autofocus" />
16-->AndroidStudioProjects\find_my_puppy\AndroidManifest.xml:16:5-70
16-->AndroidStudioProjects\find_my_puppy\AndroidManifest.xml:16:19-67
17
18    <application
18-->AndroidStudioProjects\find_my_puppy\AndroidManifest.xml:18:5-51:19
19        android:allowBackup="true"
19-->AndroidStudioProjects\find_my_puppy\AndroidManifest.xml:19:9-35
20        android:appComponentFactory="androidx.core.app.CoreComponentFactory"
20-->[androidx.core:core:1.3.1] AndroidManifest.xml:24:18-86
21        android:debuggable="true"
22        android:icon="@drawable/ic_launcher"
22-->AndroidStudioProjects\find_my_puppy\AndroidManifest.xml:20:9-45
23        android:label="@string/app_name"
23-->AndroidStudioProjects\find_my_puppy\AndroidManifest.xml:21:9-41
24        android:testOnly="true" >
25        <provider
25-->AndroidStudioProjects\find_my_puppy\AndroidManifest.xml:22:9-30:20
26            android:name="androidx.core.content.FileProvider"
26-->AndroidStudioProjects\find_my_puppy\AndroidManifest.xml:23:13-62
27            android:authorities="com.findmypup.fileprovider"
27-->AndroidStudioProjects\find_my_puppy\AndroidManifest.xml:24:13-61
28            android:exported="false"
28-->AndroidStudioProjects\find_my_puppy\AndroidManifest.xml:25:13-37
29            android:grantUriPermissions="true" >
29-->AndroidStudioProjects\find_my_puppy\AndroidManifest.xml:26:13-47
30            <meta-data
30-->AndroidStudioProjects\find_my_puppy\AndroidManifest.xml:27:13-29:53
31                android:name="android.support.FILE_PROVIDER_PATHS"
31-->AndroidStudioProjects\find_my_puppy\AndroidManifest.xml:28:17-67
32                android:resource="@xml/filepaths" />
32-->AndroidStudioProjects\find_my_puppy\AndroidManifest.xml:29:17-50
33        </provider>
34
35        <activity
35-->AndroidStudioProjects\find_my_puppy\AndroidManifest.xml:32:9-49:20
36            android:name="com.findmypup.ClassifierActivity"
36-->AndroidStudioProjects\find_my_puppy\AndroidManifest.xml:33:13-60
37            android:label="@string/activity_name_classification"
37-->AndroidStudioProjects\find_my_puppy\AndroidManifest.xml:34:13-65
38            android:screenOrientation="portrait" >
38-->AndroidStudioProjects\find_my_puppy\AndroidManifest.xml:35:13-49
39            <intent-filter>
39-->AndroidStudioProjects\find_my_puppy\AndroidManifest.xml:37:13-41:29
40                <action android:name="android.intent.action.MAIN" />
40-->AndroidStudioProjects\find_my_puppy\AndroidManifest.xml:38:17-69
40-->AndroidStudioProjects\find_my_puppy\AndroidManifest.xml:38:25-66
41
42                <category android:name="android.intent.category.LAUNCHER" />
42-->AndroidStudioProjects\find_my_puppy\AndroidManifest.xml:40:17-77
42-->AndroidStudioProjects\find_my_puppy\AndroidManifest.xml:40:27-74
43            </intent-filter>
44            <intent-filter>
44-->AndroidStudioProjects\find_my_puppy\AndroidManifest.xml:42:13-48:29
45                <action android:name="android.intent.action.SEND" />
45-->AndroidStudioProjects\find_my_puppy\AndroidManifest.xml:43:17-69
45-->AndroidStudioProjects\find_my_puppy\AndroidManifest.xml:43:25-66
46
47                <category android:name="android.intent.category.DEFAULT" />
47-->AndroidStudioProjects\find_my_puppy\AndroidManifest.xml:45:17-76
47-->AndroidStudioProjects\find_my_puppy\AndroidManifest.xml:45:27-73
48
49                <data android:mimeType="image/*" />
49-->AndroidStudioProjects\find_my_puppy\AndroidManifest.xml:47:17-52
49-->AndroidStudioProjects\find_my_puppy\AndroidManifest.xml:47:23-49
50            </intent-filter>
51        </activity>
52        <activity android:name="com.findmypup.SimpleListActivity" />
52-->AndroidStudioProjects\find_my_puppy\AndroidManifest.xml:50:9-69
52-->AndroidStudioProjects\find_my_puppy\AndroidManifest.xml:50:19-66
53    </application>
54
55</manifest>